mode: set
github.com/sabrs0/bmstu-web/src/internal/business/services/foundation.go:28.75,30.2 1 1
github.com/sabrs0/bmstu-web/src/internal/business/services/foundation.go:31.62,33.2 1 0
github.com/sabrs0/bmstu-web/src/internal/business/services/foundation.go:34.57,37.2 2 1
github.com/sabrs0/bmstu-web/src/internal/business/services/foundation.go:38.62,41.2 2 1
github.com/sabrs0/bmstu-web/src/internal/business/services/foundation.go:42.61,45.2 2 0
github.com/sabrs0/bmstu-web/src/internal/business/services/foundation.go:47.67,50.2 2 0
github.com/sabrs0/bmstu-web/src/internal/business/services/foundation.go:52.85,53.35 1 1
github.com/sabrs0/bmstu-web/src/internal/business/services/foundation.go:53.35,55.3 1 0
github.com/sabrs0/bmstu-web/src/internal/business/services/foundation.go:56.2,58.17 3 1
github.com/sabrs0/bmstu-web/src/internal/business/services/foundation.go:58.17,60.3 1 0
github.com/sabrs0/bmstu-web/src/internal/business/services/foundation.go:61.2,66.24 5 1
github.com/sabrs0/bmstu-web/src/internal/business/services/foundation.go:69.100,70.36 1 1
github.com/sabrs0/bmstu-web/src/internal/business/services/foundation.go:70.36,72.3 1 0
github.com/sabrs0/bmstu-web/src/internal/business/services/foundation.go:73.2,76.16 4 1
github.com/sabrs0/bmstu-web/src/internal/business/services/foundation.go:76.16,78.3 1 0
github.com/sabrs0/bmstu-web/src/internal/business/services/foundation.go:79.2,80.16 2 1
github.com/sabrs0/bmstu-web/src/internal/business/services/foundation.go:80.16,82.3 1 0
github.com/sabrs0/bmstu-web/src/internal/business/services/foundation.go:83.2,88.24 5 1
github.com/sabrs0/bmstu-web/src/internal/business/services/foundation.go:91.74,93.16 2 0
github.com/sabrs0/bmstu-web/src/internal/business/services/foundation.go:93.16,95.3 1 0
github.com/sabrs0/bmstu-web/src/internal/business/services/foundation.go:97.2,97.24 1 0
github.com/sabrs0/bmstu-web/src/internal/business/services/foundation.go:99.66,101.16 2 1
github.com/sabrs0/bmstu-web/src/internal/business/services/foundation.go:101.16,103.3 1 0
github.com/sabrs0/bmstu-web/src/internal/business/services/foundation.go:104.2,104.25 1 1
github.com/sabrs0/bmstu-web/src/internal/business/services/foundation.go:107.75,110.16 3 1
github.com/sabrs0/bmstu-web/src/internal/business/services/foundation.go:110.16,112.3 1 0
github.com/sabrs0/bmstu-web/src/internal/business/services/foundation.go:113.2,113.24 1 1
github.com/sabrs0/bmstu-web/src/internal/business/services/foundation.go:113.24,115.3 1 0
github.com/sabrs0/bmstu-web/src/internal/business/services/foundation.go:116.2,117.16 2 1
github.com/sabrs0/bmstu-web/src/internal/business/services/foundation.go:117.16,119.3 1 0
github.com/sabrs0/bmstu-web/src/internal/business/services/foundation.go:120.2,120.15 1 1
github.com/sabrs0/bmstu-web/src/internal/business/services/foundation.go:122.80,124.30 2 1
github.com/sabrs0/bmstu-web/src/internal/business/services/foundation.go:124.30,126.3 1 0
github.com/sabrs0/bmstu-web/src/internal/business/services/foundation.go:126.8,129.17 3 1
github.com/sabrs0/bmstu-web/src/internal/business/services/foundation.go:129.17,131.4 1 0
github.com/sabrs0/bmstu-web/src/internal/business/services/foundation.go:133.2,133.15 1 1
github.com/sabrs0/bmstu-web/src/internal/business/services/foundation.go:135.79,137.29 2 0
github.com/sabrs0/bmstu-web/src/internal/business/services/foundation.go:137.29,139.3 1 0
github.com/sabrs0/bmstu-web/src/internal/business/services/foundation.go:139.8,142.17 3 0
github.com/sabrs0/bmstu-web/src/internal/business/services/foundation.go:142.17,144.4 1 0
github.com/sabrs0/bmstu-web/src/internal/business/services/foundation.go:146.2,146.15 1 0
github.com/sabrs0/bmstu-web/src/internal/business/services/foundation.go:149.86,151.45 2 0
github.com/sabrs0/bmstu-web/src/internal/business/services/foundation.go:151.45,153.3 1 0
github.com/sabrs0/bmstu-web/src/internal/business/services/foundation.go:155.2,156.16 2 0
github.com/sabrs0/bmstu-web/src/internal/business/services/foundation.go:156.16,158.3 1 0
github.com/sabrs0/bmstu-web/src/internal/business/services/foundation.go:159.2,159.15 1 0
github.com/sabrs0/bmstu-web/src/internal/business/services/foundation.go:162.76,169.2 4 1
github.com/sabrs0/bmstu-web/src/internal/business/services/foundation.go:171.74,176.16 4 0
github.com/sabrs0/bmstu-web/src/internal/business/services/foundation.go:176.16,178.3 1 0
github.com/sabrs0/bmstu-web/src/internal/business/services/foundation.go:179.2,182.12 4 0
github.com/sabrs0/bmstu-web/src/internal/business/services/foundation.go:184.86,186.16 2 0
github.com/sabrs0/bmstu-web/src/internal/business/services/foundation.go:186.16,188.3 1 0
github.com/sabrs0/bmstu-web/src/internal/business/services/foundation.go:189.2,191.12 3 0
github.com/sabrs0/bmstu-web/src/internal/business/services/foundrising.go:31.78,33.2 1 1
github.com/sabrs0/bmstu-web/src/internal/business/services/foundrising.go:34.64,36.2 1 0
github.com/sabrs0/bmstu-web/src/internal/business/services/foundrising.go:38.58,41.2 2 1
github.com/sabrs0/bmstu-web/src/internal/business/services/foundrising.go:43.88,53.2 7 1
github.com/sabrs0/bmstu-web/src/internal/business/services/foundrising.go:55.103,58.16 2 1
github.com/sabrs0/bmstu-web/src/internal/business/services/foundrising.go:58.16,60.3 1 0
github.com/sabrs0/bmstu-web/src/internal/business/services/foundrising.go:61.2,66.24 4 1
github.com/sabrs0/bmstu-web/src/internal/business/services/foundrising.go:69.76,71.16 2 0
github.com/sabrs0/bmstu-web/src/internal/business/services/foundrising.go:71.16,73.3 1 0
github.com/sabrs0/bmstu-web/src/internal/business/services/foundrising.go:74.2,74.24 1 0
github.com/sabrs0/bmstu-web/src/internal/business/services/foundrising.go:76.68,78.16 2 1
github.com/sabrs0/bmstu-web/src/internal/business/services/foundrising.go:78.16,80.3 1 0
github.com/sabrs0/bmstu-web/src/internal/business/services/foundrising.go:80.8,82.3 1 1
github.com/sabrs0/bmstu-web/src/internal/business/services/foundrising.go:84.77,88.16 4 1
github.com/sabrs0/bmstu-web/src/internal/business/services/foundrising.go:88.16,90.3 1 0
github.com/sabrs0/bmstu-web/src/internal/business/services/foundrising.go:91.2,91.24 1 1
github.com/sabrs0/bmstu-web/src/internal/business/services/foundrising.go:91.24,93.3 1 0
github.com/sabrs0/bmstu-web/src/internal/business/services/foundrising.go:94.2,95.16 2 1
github.com/sabrs0/bmstu-web/src/internal/business/services/foundrising.go:95.16,97.3 1 0
github.com/sabrs0/bmstu-web/src/internal/business/services/foundrising.go:98.2,98.15 1 1
github.com/sabrs0/bmstu-web/src/internal/business/services/foundrising.go:101.84,104.16 3 0
github.com/sabrs0/bmstu-web/src/internal/business/services/foundrising.go:104.16,106.3 1 0
github.com/sabrs0/bmstu-web/src/internal/business/services/foundrising.go:107.2,108.16 2 0
github.com/sabrs0/bmstu-web/src/internal/business/services/foundrising.go:108.16,110.3 1 0
github.com/sabrs0/bmstu-web/src/internal/business/services/foundrising.go:111.2,111.15 1 0
github.com/sabrs0/bmstu-web/src/internal/business/services/foundrising.go:114.105,121.31 5 0
github.com/sabrs0/bmstu-web/src/internal/business/services/foundrising.go:121.31,123.3 1 0
github.com/sabrs0/bmstu-web/src/internal/business/services/foundrising.go:124.2,126.16 3 0
github.com/sabrs0/bmstu-web/src/internal/business/services/foundrising.go:126.16,128.3 1 0
github.com/sabrs0/bmstu-web/src/internal/business/services/foundrising.go:129.2,129.15 1 0
github.com/sabrs0/bmstu-web/src/internal/business/services/foundrising.go:132.90,135.16 3 0
github.com/sabrs0/bmstu-web/src/internal/business/services/foundrising.go:135.16,137.3 1 0
github.com/sabrs0/bmstu-web/src/internal/business/services/foundrising.go:138.2,139.16 2 0
github.com/sabrs0/bmstu-web/src/internal/business/services/foundrising.go:139.16,141.3 1 0
github.com/sabrs0/bmstu-web/src/internal/business/services/foundrising.go:143.2,143.15 1 0
github.com/sabrs0/bmstu-web/src/internal/business/services/foundrising.go:146.88,148.16 2 1
github.com/sabrs0/bmstu-web/src/internal/business/services/foundrising.go:148.16,150.3 1 0
github.com/sabrs0/bmstu-web/src/internal/business/services/foundrising.go:151.2,151.15 1 1
github.com/sabrs0/bmstu-web/src/internal/business/services/foundrising.go:154.87,156.16 2 0
github.com/sabrs0/bmstu-web/src/internal/business/services/foundrising.go:156.16,158.3 1 0
github.com/sabrs0/bmstu-web/src/internal/business/services/foundrising.go:159.2,159.15 1 0
github.com/sabrs0/bmstu-web/src/internal/business/services/foundrising.go:162.102,168.16 5 1
github.com/sabrs0/bmstu-web/src/internal/business/services/foundrising.go:168.16,170.3 1 0
github.com/sabrs0/bmstu-web/src/internal/business/services/foundrising.go:171.2,171.15 1 1
github.com/sabrs0/bmstu-web/src/internal/business/services/foundrising.go:171.15,173.3 1 0
github.com/sabrs0/bmstu-web/src/internal/business/services/foundrising.go:174.2,174.40 1 1
github.com/sabrs0/bmstu-web/src/internal/business/services/foundrising.go:174.40,179.3 4 0
github.com/sabrs0/bmstu-web/src/internal/business/services/foundrising.go:179.8,179.63 1 1
github.com/sabrs0/bmstu-web/src/internal/business/services/foundrising.go:179.63,184.3 4 0
github.com/sabrs0/bmstu-web/src/internal/business/services/foundrising.go:184.8,186.3 1 1
github.com/sabrs0/bmstu-web/src/internal/business/services/foundrising.go:187.2,188.16 2 1
github.com/sabrs0/bmstu-web/src/internal/business/services/foundrising.go:188.16,190.3 1 0
github.com/sabrs0/bmstu-web/src/internal/business/services/foundrising.go:191.2,191.23 1 1
github.com/sabrs0/bmstu-web/src/internal/business/services/transaction.go:45.78,47.2 1 1
github.com/sabrs0/bmstu-web/src/internal/business/services/transaction.go:48.64,50.2 1 0
github.com/sabrs0/bmstu-web/src/internal/business/services/transaction.go:51.58,54.2 2 1
github.com/sabrs0/bmstu-web/src/internal/business/services/transaction.go:56.88,67.2 8 1
github.com/sabrs0/bmstu-web/src/internal/business/services/transaction.go:68.76,72.19 4 1
github.com/sabrs0/bmstu-web/src/internal/business/services/transaction.go:72.19,74.3 1 0
github.com/sabrs0/bmstu-web/src/internal/business/services/transaction.go:75.2,75.24 1 1
github.com/sabrs0/bmstu-web/src/internal/business/services/transaction.go:77.68,79.16 2 1
github.com/sabrs0/bmstu-web/src/internal/business/services/transaction.go:79.16,81.3 1 0
github.com/sabrs0/bmstu-web/src/internal/business/services/transaction.go:82.2,82.26 1 1
github.com/sabrs0/bmstu-web/src/internal/business/services/transaction.go:84.77,87.16 3 1
github.com/sabrs0/bmstu-web/src/internal/business/services/transaction.go:87.16,89.3 1 0
github.com/sabrs0/bmstu-web/src/internal/business/services/transaction.go:90.2,90.24 1 1
github.com/sabrs0/bmstu-web/src/internal/business/services/transaction.go:90.24,92.3 1 0
github.com/sabrs0/bmstu-web/src/internal/business/services/transaction.go:93.2,94.16 2 1
github.com/sabrs0/bmstu-web/src/internal/business/services/transaction.go:94.16,96.3 1 0
github.com/sabrs0/bmstu-web/src/internal/business/services/transaction.go:98.2,98.15 1 1
github.com/sabrs0/bmstu-web/src/internal/business/services/transaction.go:103.51,106.16 3 0
github.com/sabrs0/bmstu-web/src/internal/business/services/transaction.go:106.16,108.3 1 0
github.com/sabrs0/bmstu-web/src/internal/business/services/transaction.go:109.2,110.29 2 0
github.com/sabrs0/bmstu-web/src/internal/business/services/transaction.go:110.29,111.25 1 0
github.com/sabrs0/bmstu-web/src/internal/business/services/transaction.go:111.25,113.4 1 0
github.com/sabrs0/bmstu-web/src/internal/business/services/transaction.go:114.3,115.17 2 0
github.com/sabrs0/bmstu-web/src/internal/business/services/transaction.go:115.17,117.4 1 0
github.com/sabrs0/bmstu-web/src/internal/business/services/transaction.go:118.8,119.27 1 0
github.com/sabrs0/bmstu-web/src/internal/business/services/transaction.go:119.27,121.4 1 0
github.com/sabrs0/bmstu-web/src/internal/business/services/transaction.go:122.3,123.17 2 0
github.com/sabrs0/bmstu-web/src/internal/business/services/transaction.go:123.17,125.4 1 0
github.com/sabrs0/bmstu-web/src/internal/business/services/transaction.go:127.2,127.15 1 0
github.com/sabrs0/bmstu-web/src/internal/business/services/transaction.go:131.54,135.16 4 0
github.com/sabrs0/bmstu-web/src/internal/business/services/transaction.go:135.16,137.3 1 0
github.com/sabrs0/bmstu-web/src/internal/business/services/transaction.go:138.2,138.33 1 0
github.com/sabrs0/bmstu-web/src/internal/business/services/transaction.go:138.33,139.27 1 0
github.com/sabrs0/bmstu-web/src/internal/business/services/transaction.go:139.27,141.4 1 0
github.com/sabrs0/bmstu-web/src/internal/business/services/transaction.go:142.3,143.17 2 0
github.com/sabrs0/bmstu-web/src/internal/business/services/transaction.go:143.17,145.4 1 0
github.com/sabrs0/bmstu-web/src/internal/business/services/transaction.go:146.8,147.28 1 0
github.com/sabrs0/bmstu-web/src/internal/business/services/transaction.go:147.28,149.4 1 0
github.com/sabrs0/bmstu-web/src/internal/business/services/transaction.go:150.3,151.17 2 0
github.com/sabrs0/bmstu-web/src/internal/business/services/transaction.go:151.17,153.4 1 0
github.com/sabrs0/bmstu-web/src/internal/business/services/transaction.go:155.2,155.15 1 0
github.com/sabrs0/bmstu-web/src/internal/business/services/transaction.go:158.113,162.16 4 0
github.com/sabrs0/bmstu-web/src/internal/business/services/transaction.go:162.16,164.3 1 0
github.com/sabrs0/bmstu-web/src/internal/business/services/transaction.go:165.2,165.27 1 0
github.com/sabrs0/bmstu-web/src/internal/business/services/transaction.go:165.27,167.3 1 0
github.com/sabrs0/bmstu-web/src/internal/business/services/transaction.go:168.2,169.16 2 0
github.com/sabrs0/bmstu-web/src/internal/business/services/transaction.go:169.16,171.3 1 0
github.com/sabrs0/bmstu-web/src/internal/business/services/transaction.go:172.2,172.17 1 0
github.com/sabrs0/bmstu-web/src/internal/business/services/user.go:26.57,28.2 1 1
github.com/sabrs0/bmstu-web/src/internal/business/services/user.go:29.50,31.2 1 0
github.com/sabrs0/bmstu-web/src/internal/business/services/user.go:32.51,35.2 2 1
github.com/sabrs0/bmstu-web/src/internal/business/services/user.go:37.56,40.2 2 1
github.com/sabrs0/bmstu-web/src/internal/business/services/user.go:42.67,43.35 1 1
github.com/sabrs0/bmstu-web/src/internal/business/services/user.go:43.35,45.3 1 0
github.com/sabrs0/bmstu-web/src/internal/business/services/user.go:46.2,48.16 3 1
github.com/sabrs0/bmstu-web/src/internal/business/services/user.go:48.16,50.3 1 0
github.com/sabrs0/bmstu-web/src/internal/business/services/user.go:51.2,54.24 3 1
github.com/sabrs0/bmstu-web/src/internal/business/services/user.go:57.82,58.36 1 1
github.com/sabrs0/bmstu-web/src/internal/business/services/user.go:58.36,60.3 1 0
github.com/sabrs0/bmstu-web/src/internal/business/services/user.go:61.2,64.19 4 1
github.com/sabrs0/bmstu-web/src/internal/business/services/user.go:64.19,66.3 1 0
github.com/sabrs0/bmstu-web/src/internal/business/services/user.go:67.2,68.16 2 1
github.com/sabrs0/bmstu-web/src/internal/business/services/user.go:68.16,70.3 1 0
github.com/sabrs0/bmstu-web/src/internal/business/services/user.go:71.2,74.24 3 1
github.com/sabrs0/bmstu-web/src/internal/business/services/user.go:77.62,81.19 4 0
github.com/sabrs0/bmstu-web/src/internal/business/services/user.go:81.19,83.3 1 0
github.com/sabrs0/bmstu-web/src/internal/business/services/user.go:84.2,84.24 1 0
github.com/sabrs0/bmstu-web/src/internal/business/services/user.go:86.54,88.16 2 1
github.com/sabrs0/bmstu-web/src/internal/business/services/user.go:88.16,90.3 1 0
github.com/sabrs0/bmstu-web/src/internal/business/services/user.go:91.2,91.19 1 1
github.com/sabrs0/bmstu-web/src/internal/business/services/user.go:93.63,96.16 3 1
github.com/sabrs0/bmstu-web/src/internal/business/services/user.go:96.16,98.3 1 0
github.com/sabrs0/bmstu-web/src/internal/business/services/user.go:99.2,99.24 1 1
github.com/sabrs0/bmstu-web/src/internal/business/services/user.go:99.24,101.3 1 0
github.com/sabrs0/bmstu-web/src/internal/business/services/user.go:102.2,103.16 2 1
github.com/sabrs0/bmstu-web/src/internal/business/services/user.go:103.16,105.3 1 0
github.com/sabrs0/bmstu-web/src/internal/business/services/user.go:106.2,106.15 1 1
github.com/sabrs0/bmstu-web/src/internal/business/services/user.go:109.68,111.30 1 1
github.com/sabrs0/bmstu-web/src/internal/business/services/user.go:111.30,113.3 1 0
github.com/sabrs0/bmstu-web/src/internal/business/services/user.go:114.2,115.16 2 1
github.com/sabrs0/bmstu-web/src/internal/business/services/user.go:115.16,117.3 1 0
github.com/sabrs0/bmstu-web/src/internal/business/services/user.go:118.2,118.15 1 1
github.com/sabrs0/bmstu-web/src/internal/business/services/user.go:122.64,131.2 4 1
github.com/sabrs0/bmstu-web/src/internal/business/services/user.go:133.74,138.2 3 0
